----------------------------------------------------------------
Using block_header_hash from block 2892507
block_header_hash from 2892507     : 0c6da5d2dd03cde1574bd1d57d2ba9b86dc0dd4303bf5f37acb05eb9aa72a6eb
Random digits from 2892507         : 0652031574157298604303537059726
Calling the dexie API... 
Call to the dexie API successful 
----------------------------------------------------------------
Remainder of previous draw added to current draw :
   No remainder in previous draw
----------------------------------------------------------------
Current draw eligible trades      : 286
Remainder eligible trades         : 
Total eligible trades             : 286
Number of draws                   : 28
Remainder of current draw         : 6
The following puzzle hash will be included in the next draw
4afcfc77a62cc14f8691f685a81ed74f5f37f3289cb9d834ada26143a3a20490
07560cd0db991a01b35fae8c01a6dcf6240467fbd41b71f9e2706f3af664661e
0c3debae6d93b76f9d79cb45b940bd0c708e6d83f5abff828afa8b572e461ca4
2694ea83997bfd0ae23d4de1d8280fbd4b9e591184ebe5db956165ae7f1e5576
fb863cabe06a4693619e128940531566f749b402f71dba65301396e64bf9e2db
83216d2930457c0b075b06a7968647dc9956ab372e2651ba4600d68c0609bd26
----------------------------------------------------------------
----------------------------------------------------------------
block_header_hash from 2892507    : 0c6da5d2dd03cde1574bd1d57d2ba9b86dc0dd4303bf5f37acb05eb9aa72a6eb
Random digits from 2892507        : 0652031574157298604303537059726
Number of rares left to be won    : 830
Sample rejection number           : 9961
----------------------------------------------------------------
Verifying if the current block header hash provides enough random numbers...
Current max valid (sample rejected) random numbers = 28
----------------------------------------------------------------
Total single digits random numbers : 31
Total multiple digits random numbers : 28
----------------------------------------------------------------
draw,random 1,xch_address,random 2,Rare Chunk Airdropped
1,1,xch1p72s3hvl64yn9tsatwyft7cv6se0uxymqclwdrrurjr8cl5x3t7qra9q2u,653,nft1p932dz309t87l6cwpr8ms94cqh6nlpagxuxgk2n92865pcxnyw3qj8aage
2,7,xch1njqapm5nhrspzl3uptgvlgfrm82t7ugwnydv2v8egpj8cv7duzqqmcu3kx,711,nft1t284qe4jys9q4appval0jm040xl2l4d0leefx6qw7ll5vzmjcw7qqghhpl
3,6,xch16rcvs6mhjkxnudy6uclr8nm03n4w843ud9vjg4k5uzgdlkeslynqzfsawp,224,nft1dsr8sg66x2efzy4uq4e8hxtxqr43ntwhzvaa2rz8kumry2c8e3wswws727
4,3,xch1z7sjmk26mts593e0vlhg2yanmgvxnwju6et3xy09tht4d7qdgvls69dqu0,372,nft1yfetccg4ld05cvk9kmfgjk9whlrupzce2fvt7gxgktsrtxn8um4sxuf3q0
5,1,xch198070fvhdm3s4994atzezp2vfrvudspdf3caea9ydglsjya3p7fq6uc7ph,316,nft1u4w4uvspqp9nvrj0lf0k3yfarn9pflfy43k6llgcf6maggfcz5rsjjgdvg
6,4,xch17e0lgsgfvlkrz024jhvghx4fem08jzzq2ushkkkqvhc3dzmgaufscnqg29,668,nft15d7c3a8snnljmxuxydnvflrj7c0jsl9nsrrw047w2fmls5f56lyq3p459k
7,2,xch1t3py833kumey2e0vv7apw4kpp40jq9hzhvxch4fqanut5ls3t02q7tz7gz,745,nft1ja28ls2msfth9hjntdt3qa2kazhwtnhjhfvkc4wkwmmefeepc9qsmlujyr
8,6,xch14lssajhzyn2z3lm00m5wat2dyx2lc7p9nhe8ukgzcx38edy6839q90hjun,762,nft16qsljpenea5l7x8lr6legyespkdgy7yu8cwk7gamxxwevgv096rqw6ygsk
9,8,xch1qxmvtvf0le2y2pdcfh2ckgl5x3qdy45x8z77g4zdjez0exllgwgqmxu089,776,nft1q4q9gl7fsx82mvp6xra36p6uhnu4pr4jv9f0jl8r5vn9ypel5x4sgw68rd
10,5,xch1fr3dpjgsyj3nkjexzp9frvd6l2xekfggeqcyxl93cyghtn090k9sepcn8v,8,nft1upa8vs4tvt94uw2qdv648uq265tv2sv8lt7rr0fhw9dyemdcjwvqqvwep5
11,2,xch1w2m3cju53jsdfastu4kald2qheylue9mv9qh2ct2ml5cmy2d7tss3lfjr0,743,nft1vjxy8l3j2w0t3nfv28m0295aqu5ey2kdtllqdmkw2agkktfgf23q6afk47
12,6,xch16rcvs6mhjkxnudy6uclr8nm03n4w843ud9vjg4k5uzgdlkeslynqzfsawp,750,nft1yqx6mz44j3smctgjycf6xuapngsc0meh6qss9qk3ds340cr3mcgsyuaajl
13,8,xch15lnmr6n3usez9dqe20txqztpcawzswvhsfh2t0yrkv96n9qr4xesrcr450,659,nft1a5920p2j866kjzv4f6d5c9ptz3ky8ledlcv649yylf04j829tjjsaxsjjz
14,3,xch13je3q727sky85a8mxkmyedxcsfs2fca0nc89zgjr4y30ntyqrr3qw8sdy2,497,nft1cse89znjqzlvenugdy5f4nqmht3vwwtzgsfmemf82ask4q4j46psd6c2ml
15,10,xch1cnneks5vmrsgec9fcghkhaveucf4rtgsyu0df7rs5lzm5j96533s8v4srp,731,nft1fc7hxady0lq8m0jez3xl4r9y4gn4ct6sv5j4x9j8h6jdjjh6almsnwmnj9
16,9,xch1ujxx5c23tj2st48mpfzzvw26mgjl3rx5u3vvl0g7cnhll4xwp2rqkacreg,305,nft1eqnx38jxthma4jcfryvxa2lefmzw8c5wap7cmqyzq7fvhkvy8pysnyyk8l
17,7,xch1774rqt4ds8mj5ytql6764sdr3v9zat74at0gnt9kh2j9v29dkf0qdnjz7d,234,nft1c9yv9ldvmxrta45nv8d9rg4dk0pe5r0jsw0uy8chtcu3v5uck8ss6r3cvt
18,1,xch163pgj2thf6jwn0engdq7mppqlaxe0nzs503rqcf52mmdlqnrn9ksjaggh9,431,nft1hh59cqmxysmenp4caxcjq0umntg3lvc2ps4w55fudtfq7ku7m2yss7kj2h
19,5,xch163pgj2thf6jwn0engdq7mppqlaxe0nzs503rqcf52mmdlqnrn9ksjaggh9,154,nft174qacw03kkjqg9dpjcssl4csxvpnqsj64huxu4cjyx6ttf64ddyswjx8wn
20,4,xch1thsj24fa2ehj828jche79xr4cnj5zv2yxld743y8zzu434z7cx7sstsjr2,546,nft1mhavdu3j57yp9qg646aatuku70a89mvx3ydzjkhs9pleq3qstkmsyv6sst
21,1,xch1egeuzy74eh68wak7jxvt4d2wyd8qpkv20kzsr3kp0hsdnnkzu85sp9h94h,354,nft1zp5wwdqaydsy7lylhxefjc2zm65stjmsjhlszded4sl956h2ukmqdtagwg
22,4,xch163pgj2thf6jwn0engdq7mppqlaxe0nzs503rqcf52mmdlqnrn9ksjaggh9,218,nft1yyeatxuespkds6xrzjngnnv5k2x32yqpvwx3ter5l7tl43qkhh9sfpnyh7
23,6,xch1nkxvsa0yh87prmx3g3q6d0dzhdgk3nk2z5ldy94v02hjkwy2cgvqcve8wn,391,nft1an4mhs6n7y3e6qedrt4elxdldxuv7zh7w4pwu2jr43vdu5s5uvuql9kcp0
24,4,xch1csgl3urm7fuutckhrkmtvke434m4yywfr7z69lj5edkdd4aw97aquw6uvq,386,nft1m0glyxt5pkult9q00fffcucp2kclmueffpqzgs20fqncp65td0ds9k5u0t
25,8,xch1r6jd49yrsuzas9rvp7y9n3gpsssez887pvkugqc62jqr3pxampys5crs9h,420,nft1yy4nfhueu4x05flwkg36kwme8hdfdsh2tek08l0vwexe2vv8q6xsuaxs0q
26,1,xch1mxuzqqte2kgu85he6jv8k52qcpynkfz9na4v69203y54uejgk3rsh6d2yr,598,nft147afa6f80y529qldlsv7japwfa0pq2028uu7qj5duulsgm54e9nsl5h37v
27,6,xch1mxuzqqte2kgu85he6jv8k52qcpynkfz9na4v69203y54uejgk3rsh6d2yr,163,nft132clzfrtsfnp5wewdvwn0v9jvzefp4jk5gyznsfzu8y7vqhkx8ts9x0nym
28,10,xch1mxuzqqte2kgu85he6jv8k52qcpynkfz9na4v69203y54uejgk3rsh6d2yr,597,nft1f872aqls8a8umt52pysg8lhhl8e4h9zwt0fcrurppsnlmmg6vj8s0danht
----------------------------------------------------------------
----------------------------------------------------------------
