----------------------------------------------------------------
Using block_header_hash from block 2887899
block_header_hash from 2887899     : 34386b2bd7ec40ac42d34622ec9c19cd7c1b438fdee79b0b3712272649891e14
Random digits from 2887899         : 343862740423462291971438790371227264989114
Calling the dexie API... 
Call to the dexie API successful 
----------------------------------------------------------------
Remainder of previous draw added to current draw :
69a271e97ddb9802f3044d1027628815d1885922cae8591a716eba238539eca2
ff6757b768eec83e5345458b7b242113155e73fca7769053c94371924bb04d63
81c403374b0f3c79329ce6771779f56bc12c47dabb42bfe066d2c7c34255d9ea
----------------------------------------------------------------
Current draw eligible trades      : 210
Remainder eligible trades         : 3
Total eligible trades             : 213
Number of draws                   : 21
Remainder of current draw         : 3
The following puzzle hash will be included in the next draw
0e6ebb75d0fd494b322198a73e470c1cd32f820df0020d9e49e0c36ee651c6e9
17c2697dfdba229216e6ce5db69827e5d11911f3146c679a33c49dfd67dffa39
f2756230c7c3331035ce004b8fa4063813420ae16b83bf434018948e9d16a478
----------------------------------------------------------------
----------------------------------------------------------------
block_header_hash from 2887899    : 34386b2bd7ec40ac42d34622ec9c19cd7c1b438fdee79b0b3712272649891e14
Random digits from 2887899        : 343862740423462291971438790371227264989114
Number of rares left to be won    : 785
Sample rejection number           : 9421
----------------------------------------------------------------
Verifying if the current block header hash provides enough random numbers...
Current max valid (sample rejected) random numbers = 36
----------------------------------------------------------------
Total single digits random numbers : 42
Total multiple digits random numbers : 36
----------------------------------------------------------------
draw,random 1,xch_address,random 2,Rare Chunk Airdropped
1,4,xch1eg94uz5ugefyr4ukscd7w0h7wn578vzs2gqvzhlv92lnd8pk6llszlhy8l,299,nft1eutex6wzcwjm2gkjgcflazs3mml2l9l65a3mp2432wmqhuta5cssyg0e2u
2,5,xch12cj5pz8uqdu2n576ndqljnlfadxm7u4cp5xf4666hqtqncns7r6qvkgqtv,462,nft1vydhzuxgczanef8xulr0eqp0dftv478m46uq25ng00daktmcap0sd9jjnd
3,4,xch160zj7njexwl6gsvj5yvfy0nts6f2gc7qmd6l4ec6q6z99nt982gq6wl5dt,723,nft1wh39gkcxrqv2lwm7gxnftvtqh5kt7uurvqd69lkw0pqxx46pq9fsazc8ss
4,9,xch1dx6xgjsxawzgg89z6d6khaspu2zypacvnljwl66ahn3ukfp80jxs5qs3z9,778,nft1n3jfgjdrzgqs770lxplsyr6ae23vmru5hty72ukfgen0s7djyvpqukp00l
5,7,xch13hvvw42rex5zjndnf2jzwzy6jankp659drwdvkvae3drqdjhrteq0n5nel,780,nft1dhu7pdtmshj5macrqmqsv8y4e5n9mhdsnwmamadq5j60p20eq9qqn09e9l
6,3,xch1anmulxa8yj7kcn7ns43wax0zk0x4rhj6q7lr9csn5m2528s20m3q0pmnam,386,nft1upxuwyptlvxc74r5pctuj3940uwugeq624zyms32ujf758dgkrlsjz6t03
7,8,xch1m2xpj6n2h45e8hhuuytfdcggzvg004uflj5e9t8wg8rwe6rpcecq7rjkfm,340,nft1a822u3aaapl4eukxwgcd3wld36fp0vveuffqrq3x99wkp3hgpmaqq4tzqk
8,5,xch1x0zw2vnxf6ef6dad2sz85ddyjza0a89e8m23cmd70paykxt6t2ksu4gatl,118,nft1nfpl7fd4lmxg8h6cuhg2mfpe20gnas7pul0spau72c9wkxx4p7eqamnpzt
9,1,xch163pgj2thf6jwn0engdq7mppqlaxe0nzs503rqcf52mmdlqnrn9ksjaggh9,424,nft1tjfkdgl28hruyj3xe3l8d7m570he0hvl9yxts7n9pd60g44ew37q8g7stf
10,5,xch163pgj2thf6jwn0engdq7mppqlaxe0nzs503rqcf52mmdlqnrn9ksjaggh9,310,nft1m37lvsua8knluzwz0lxalm29qzfy3m6ycrl60sskjktcyz8gmadqcklrwq
11,3,xch1gmxzur075wheg50wk9va05h73r0lgssj3h7fewmcd5m29m2yyrms37fg8j,777,nft1fs8mj2glvdmhtp0qtwgcr06zhvzj6gv6q2vv5m5xvrl0tgl4uq5svnsu8p
12,4,xch1gmxzur075wheg50wk9va05h73r0lgssj3h7fewmcd5m29m2yyrms37fg8j,323,nft1kplyxsevgczyc7xp9q7yctqt9ynnqmwxv8pm3yc87elshapwg2rqwkcjxv
13,5,xch1gmxzur075wheg50wk9va05h73r0lgssj3h7fewmcd5m29m2yyrms37fg8j,698,nft1agcun4aj8t2yaqvz6hcm8rt67sldvrf95gagnx9lpcha5yp96cqqlqyuxg
14,7,xch1gmxzur075wheg50wk9va05h73r0lgssj3h7fewmcd5m29m2yyrms37fg8j,735,nft1s4h5mp2ysm4vlp5sd4quekh9eqq5sdhyt5hcq3rcu26fv3qhrddqmss28f
15,3,xch1gmxzur075wheg50wk9va05h73r0lgssj3h7fewmcd5m29m2yyrms37fg8j,722,nft1zas3njdt73368kf5pe3rp76n5gxljvqe7376uxz5kvfj7086sr3qlsqu0j
16,3,xch138x4a98lpqyhk7394av32qrkgsmx8vm9tkzww0l2e4knkkuvjnyqsp9s7s,565,nft19mykcf0mn307qvnvzwyaxj5tj5pd873h5sntn7fjq4fuudccac5sx78pw4
17,10,xch1fgsuzygcd2kr5e0nxttzyypzdhtu4rw4hln8nu584hu63a8hpteswhl8qu,563,nft147afa6f80y529qldlsv7japwfa0pq2028uu7qj5duulsgm54e9nsl5h37v
18,2,xch1hql70aqhgmmpx9p4e80cdpkyd7499qlkdajje28u3mxsuaj422ssdztua4,402,nft1q86fv8wcvhprjcctg5scwpzgpzvjx59uacegen80rta600jfe8vqrveur0
19,10,xch1g5p4n03z27y4lkl5puchhr629khu8nsj0daadr35ja005v9y3j5qxhlk0q,79,nft103gtqp0gjeykwelarr8umpcxflh4dp6aml7na0y0nrk0j6m4vsrsq4wx7k
20,8,xch1x562pvsvvxxv523nruu5k22jm3k9f2sfp6djlzrh0y6sk8y8xhqqnqv6qj,654,nft1wfpc5jeu3lfyr2ufesw3pvfahgs3rp5f3l2w3yslusvnnzhvltvs7e5gx5
21,2,xch1l5xnnedeyxetm7u3rk2738payfxxq76l46jjanl590h9y0uy4xpstgvwfw,463,nft18ngx96yhmazj20435hc7hdmklk964jjdekztmecdmc578afr6rfq07ankj
----------------------------------------------------------------
