----------------------------------------------------------------
Using block_header_hash from block 2897115
block_header_hash from 2897115     : 6448d02e71beb499b7e46c1033ede91c6718fdc8b9e0ea2cf19d19f2ae0437a1
Random digits from 2897115         : 64480271499746103391671889021919204371
Calling the dexie API... 
Call to the dexie API successful 
----------------------------------------------------------------
Remainder of previous draw added to current draw :
4afcfc77a62cc14f8691f685a81ed74f5f37f3289cb9d834ada26143a3a20490
07560cd0db991a01b35fae8c01a6dcf6240467fbd41b71f9e2706f3af664661e
0c3debae6d93b76f9d79cb45b940bd0c708e6d83f5abff828afa8b572e461ca4
2694ea83997bfd0ae23d4de1d8280fbd4b9e591184ebe5db956165ae7f1e5576
fb863cabe06a4693619e128940531566f749b402f71dba65301396e64bf9e2db
83216d2930457c0b075b06a7968647dc9956ab372e2651ba4600d68c0609bd26
73d9664951a68aafcc445217f23b95c2f0168ef8836896aff6d3cb8a4adfce0a
66a6d04a76047dddeafbf511091328ecd9b9c89537832fedc8afb8bd74a522a4
8ccf784cccee1035b80cdfe090b8670d87e34024a48f5348637afc00a66a3781
----------------------------------------------------------------
Current draw eligible trades      : 158
Remainder eligible trades         : 9
Total eligible trades             : 167
Number of draws                   : 16
Remainder of current draw         : 7
The following puzzle hash will be included in the next draw
bb12cfbca07ac88d12c03a6f501722d86d19ff5f07f5e1110b7077551317b7a3
a08a065d46fe9de252b69b0b197ea50b3b1cfc296c856e870a2cec772abd3fd8
0cd19bff9fcc659ec8403a6be57c87437a4cf346488fb92d193d893328140031
d299df5d8b29f29721ac3424f28b89e2006e0ee33ca9367707bd0b0f2dc97269
d32b66e6a86622913fdb1b4de6b974a83f6ae864b4813d92f9b7b80aff9b2fcf
ce2ee13f5a6310b1236e33683b43b81bcd302cabac5a9db86cee4e7246b2024e
4bd787eef62cc89a83ca85aee5c926381ccc4e513e30cb7f6f63f5ff7968c02b
----------------------------------------------------------------
----------------------------------------------------------------
block_header_hash from 2897115    : 6448d02e71beb499b7e46c1033ede91c6718fdc8b9e0ea2cf19d19f2ae0437a1
Random digits from 2897115        : 64480271499746103391671889021919204371
Number of rares left to be won    : 736
Sample rejection number           : 9569
----------------------------------------------------------------
Verifying if the current block header hash provides enough random numbers...
Current max valid (sample rejected) random numbers = 32
----------------------------------------------------------------
Total single digits random numbers : 38
6-4-4-8-0-2-7-1-4-9-9-7-4-6-1-0-3-3-9-1-6-7-1-8-8-9-0-2-1-9-1-9-2-0-4-3-7-1-Total multiple digits random numbers : 32
561-65-387-668-272-507-526-28-582-102-195-216-298-340-448-237-336-200-95-565-418-59-71-190-220-720-361-449-373-572-438-692-----------------------------------------------------------------
draw,random 1,xch_address,random 2,Rare Chunk Airdropped
1,7,xch163kud046a0662hgyn528d27mm82pe0vxklhdl75ru72ltvgc3w6su4hvgs,561,nft19s9nev3gjed405eqr54047rz4qfmn5n0yqeawrhn3an0h542mm6q42gj4k
2,5,xch1g55f2zwxlp3cstpf56ufd770sx5cygs2artttj26yz4f2l2mtcgqttzh8v,65,nft1uzss6ka2zgtrjje5phm7mkncltetn5ve832a9lduzsr9p89pmljsw9usnt
3,5,xch10kfmlkc29h9q6cjrn6evku9nggnnq7gzekpy3z7k4wf85j9f8kzqng5t6v,387,nft1qlru8eljj2hzjg27vsa9zgxnl6hgq6ym3wcyajszrps99cet7j2sndeaye
4,9,xch1u28xu42jtaku75k6qkvt7jpa49e46q66ecpl5ysnxhfk2ul45l8sp0a5lc,668,nft1yqx6mz44j3smctgjycf6xuapngsc0meh6qss9qk3ds340cr3mcgsyuaajl
5,1,xch10c4z3z4rysf7fa2kgddwj4tchltpzlghvtdk7t8xq7p5er42lgrq4jd53e,272,nft1teak88dsnpm5qa7ctttsmkk3pp0x3spewgp6jxev9vyeawwtyvhscjf65n
6,3,xch130dr8eke06cm29p0hmtwrx2y6z5c84d2n5sukzfuex35z6hwf2xqpq2pkd,507,nft1gljq8003smlvwyguksudlsl0r8y3y6c0p9h9regy46t2l4fjg02s3w0fma
7,8,xch1l8gu9zmfqqyjfuyes8e35v2qv9jxzshd6l9lspwy3gtnu6g7q79s5pfnux,526,nft1faz9qj7ftnqux4ekrln82082jaymlhmtnkfpz63mxhje3lzhqr3s7ukke8
8,2,xch153lzpgmp083rxwjfw90fyasdp0ucgyt3cwau0d0kq2tx4ftwz3uqeeanna,28,nft16zr5s3pvc9n3y5syasqx99a9qqlvfaytn52xpmxk5xwl3qudc6esx2wa4e
9,5,xch15ax0qh2rztuccn6r6dthccfyelyeam6vhtgn2uss0vtfswwlgwhsk4rezr,582,nft1p932dz309t87l6cwpr8ms94cqh6nlpagxuxgk2n92865pcxnyw3qj8aage
10,10,xch1ccge6qjuyqkxgc7ptvpsuk0xav5rhxzaxadw40f8kkh48vy44tyqawhqt8,102,nft1aaajjhhh0nectj8gq66etp7ms48svpq937vh2x9495eva0cukk8swrvepl
11,10,xch18kqutg8ct7tw6cmt46h56uh3snrxrfpqz3ax7n37ujwr4cwtxnusuke6mc,195,nft1ds68g76h3vmgmuded8whx2aad85d5ltq0mpsy9wk7fwyn09k0plqw8m65w
12,8,xch1rhf7ruvd9trwmw0nmhp6r7yclddthw43z9q93y5fvg4wc4f28a3q6w6jk0,216,nft1ycsyprhwx5sl9m7034njajv5m2tq76j3yqxxsqxw0qmsxawvxtdse06egj
13,5,xch1uxd9ke6kvgjl879luw3pgsz3mzl7ssmpkdyq2jk9n2lr8unnhumqzmfvl6,298,nft1mpeha06h57tey465w87nzqlrzzr5yt5sagxwt4z9c9cjj77q9gassf5p4n
14,7,xch1656hyvuyaxw2swz9h7445k5wswtxy2c4mq2fhy8qwvpq84susydslg9cgr,340,nft1as2hd370zl38ath4a6hqc63y9yr0s04lylvx2w3yuzuac39772uqeeseet
15,2,xch163pgj2thf6jwn0engdq7mppqlaxe0nzs503rqcf52mmdlqnrn9ksjaggh9,448,nft1k78jsl4hszuwtvxrrq2g6p75vv5mq76ka8s9u3tsasudg4r5xq3qugwjdq
16,1,xch1d6sk573v23ldqkwfn842hgn0a2cnar26w5uthrpx4asw80qqq8kqp5fsve,237,nft1wvutm8sv6hdv66yrh7gdrfrefy6tmjs9zj7h6sat3vftusdmzppsd3mrra
----------------------------------------------------------------
